<?xml version="1.0" encoding="UTF-8"?>
<testng-results ignored="0" total="1" passed="1" failed="0" skipped="0">
  <reporter-output>
  </reporter-output>
  <suite started-at="2025-04-04T17:28:22 IST" name="Default suite" finished-at="2025-04-04T17:28:36 IST" duration-ms="14379">
    <groups>
    </groups>
    <test started-at="2025-04-04T17:28:22 IST" name="Default test" finished-at="2025-04-04T17:28:36 IST" duration-ms="14379">
      <class name="Tests.ExcelLoginTestCase">
        <test-method is-config="true" signature="setup()[pri:0, instance:Tests.ExcelLoginTestCase@72cc7e6f]" started-at="2025-04-04T17:28:22 IST" name="setup" finished-at="2025-04-04T17:28:24 IST" duration-ms="1702" status="PASS">
          <reporter-output>
          </reporter-output>
        </test-method> <!-- setup -->
        <test-method signature="testLoginFromExcel()[pri:0, instance:Tests.ExcelLoginTestCase@72cc7e6f]" started-at="2025-04-04T17:28:24 IST" name="testLoginFromExcel" finished-at="2025-04-04T17:28:36 IST" duration-ms="12346" status="PASS">
          <reporter-output>
          </reporter-output>
        </test-method> <!-- testLoginFromExcel -->
        <test-method is-config="true" signature="tearDown()[pri:0, instance:Tests.ExcelLoginTestCase@72cc7e6f]" started-at="2025-04-04T17:28:36 IST" name="tearDown" finished-at="2025-04-04T17:28:36 IST" duration-ms="293" status="PASS">
          <reporter-output>
          </reporter-output>
        </test-method> <!-- tearDown -->
      </class> <!-- Tests.ExcelLoginTestCase -->
    </test> <!-- Default test -->
  </suite> <!-- Default suite -->
</testng-results>
